{
  "RSpec": {
    "coverage": {
      "/Users/rebeccakehl/Documents/Dev/Scrumblr/spec/controllers/projects_controller_spec.rb": [
        1,
        1,
        null,
        1,
        1,
        1,
        1,
        1,
        1,
        1,
        1,
        1,
        null,
        null,
        null,
        null,
        null,
        null,
        1,
        1,
        1,
        1,
        1,
        1,
        1,
        1,
        null,
        null,
        1,
        1,
        1,
        null,
        null,
        null,
        1,
        1,
        1,
        1,
        1,
        1,
        1,
        null,
        1,
        1,
        1,
        null,
        null,
        null,
        null,
        1,
        1,
        1,
        1,
        1,
        1,
        1,
        null,
        1,
        1,
        1,
        1,
        null,
        null,
        1,
        1,
        1,
        null,
        null,
        null
      ],
      "/Users/rebeccakehl/Documents/Dev/Scrumblr/spec/rails_helper.rb": [
        null,
        1,
        1,
        1,
        1,
        null,
        null,
        null,
        null,
        null,
        null,
        null,
        null,
        null,
        null,
        null,
        null,
        null,
        null,
        null,
        null,
        null,
        1,
        null,
        1,
        null,
        null,
        null,
        null,
        1,
        null,
        null,
        null,
        null,
        null,
        null,
        null,
        null,
        null,
        null,
        null,
        null,
        null,
        null,
        1,
        null
      ],
      "/Users/rebeccakehl/Documents/Dev/Scrumblr/config/environment.rb": [
        null,
        1,
        null,
        null,
        1,
        null
      ],
      "/Users/rebeccakehl/Documents/Dev/Scrumblr/config/application.rb": [
        1,
        null,
        1,
        null,
        1,
        null,
        1,
        null,
        null,
        null,
        null,
        1,
        1,
        null,
        null,
        null,
        null,
        null,
        null,
        null,
        null,
        null,
        null,
        null,
        null,
        null,
        null,
        null,
        null,
        null,
        null,
        null,
        null,
        null,
        null,
        null,
        1,
        null,
        null,
        1,
        null,
        null,
        1,
        null,
        null,
        null,
        null,
        null,
        null,
        null,
        null,
        null,
        null,
        1,
        null,
        null,
        1,
        null,
        null,
        1,
        null,
        null
      ],
      "/Users/rebeccakehl/Documents/Dev/Scrumblr/config/boot.rb": [
        1,
        null,
        null,
        1,
        null,
        1
      ],
      "/Users/rebeccakehl/Documents/Dev/Scrumblr/config/environments/test.rb": [
        1,
        null,
        null,
        null,
        null,
        null,
        null,
        1,
        null,
        null,
        1,
        1,
        null,
        null,
        1,
        null,
        null,
        1,
        1,
        null,
        null,
        1,
        null,
        null,
        1,
        null,
        null,
        null,
        null,
        1,
        null,
        null,
        1,
        null,
        null,
        1,
        null
      ],
      "/Users/rebeccakehl/Documents/Dev/Scrumblr/config/initializers/backtrace_silencers.rb": [
        null,
        null,
        null,
        null,
        null,
        null,
        null
      ],
      "/Users/rebeccakehl/Documents/Dev/Scrumblr/config/initializers/github.rb": [
        1
      ],
      "/Users/rebeccakehl/Documents/Dev/Scrumblr/config/initializers/inflections.rb": [
        null,
        null,
        null,
        null,
        null,
        null,
        null,
        null,
        null,
        null,
        null,
        null,
        null,
        null,
        null
      ],
      "/Users/rebeccakehl/Documents/Dev/Scrumblr/config/initializers/mime_types.rb": [
        null,
        null,
        null,
        null,
        null
      ],
      "/Users/rebeccakehl/Documents/Dev/Scrumblr/config/initializers/omniauth.rb": [
        1,
        1,
        null
      ],
      "/Users/rebeccakehl/Documents/Dev/Scrumblr/config/initializers/secret_token.rb": [
        null,
        null,
        null,
        null,
        null,
        null,
        1
      ],
      "/Users/rebeccakehl/Documents/Dev/Scrumblr/config/initializers/session_store.rb": [
        null,
        null,
        1,
        null,
        null,
        null,
        null,
        null
      ],
      "/Users/rebeccakehl/Documents/Dev/Scrumblr/config/initializers/wrap_parameters.rb": [
        null,
        null,
        null,
        null,
        null,
        null,
        1,
        1,
        null,
        null,
        null,
        1,
        1,
        null
      ],
      "/Users/rebeccakehl/Documents/Dev/Scrumblr/app/controllers/application_controller.rb": [
        1,
        1,
        null,
        null,
        1,
        null,
        null,
        null,
        null,
        null,
        1,
        2,
        null,
        1,
        null
      ],
      "/Users/rebeccakehl/Documents/Dev/Scrumblr/app/helpers/application_helper.rb": [
        1,
        null
      ],
      "/Users/rebeccakehl/Documents/Dev/Scrumblr/app/helpers/tasks_helper.rb": [
        1,
        null
      ],
      "/Users/rebeccakehl/Documents/Dev/Scrumblr/app/controllers/home_controller.rb": [
        1,
        1,
        null,
        null,
        null
      ],
      "/Users/rebeccakehl/Documents/Dev/Scrumblr/app/controllers/projects_controller.rb": [
        1,
        1,
        null,
        1,
        2,
        2,
        1,
        null,
        1,
        1,
        1,
        null,
        0,
        null,
        null,
        null,
        2,
        null,
        null,
        1,
        null,
        null,
        1,
        null,
        null,
        1,
        null,
        null,
        1,
        1,
        1,
        1,
        1,
        null,
        1,
        1,
        1,
        null,
        null,
        null,
        null,
        1,
        1,
        1,
        1,
        1,
        1,
        null,
        1,
        null,
        null,
        1,
        null,
        null,
        1,
        1,
        1,
        null,
        null,
        1,
        2,
        1,
        1,
        null,
        null,
        null,
        1,
        0,
        0,
        null,
        0,
        0,
        null,
        null,
        0,
        0,
        null,
        null,
        null
      ],
      "/Users/rebeccakehl/Documents/Dev/Scrumblr/app/models/project.rb": [
        1,
        1,
        null,
        1,
        1,
        1,
        1,
        null,
        1,
        null,
        1,
        1,
        null,
        null,
        1,
        null,
        null,
        null,
        1,
        null,
        null,
        null,
        1,
        null,
        null,
        null,
        1,
        null,
        null,
        null,
        1,
        1,
        null,
        1,
        2,
        null,
        null,
        1,
        null,
        null,
        1,
        4,
        null,
        4,
        5,
        null,
        null,
        4,
        4,
        null,
        null,
        4,
        null,
        null,
        1,
        2,
        null,
        2,
        4,
        2,
        null,
        null,
        null,
        2,
        null,
        null,
        null
      ],
      "/Users/rebeccakehl/Documents/Dev/Scrumblr/app/controllers/session_controller.rb": [
        1,
        1,
        null,
        1,
        0,
        0,
        0,
        null,
        null,
        null,
        0,
        0,
        0,
        0,
        0,
        0,
        null,
        0,
        null,
        0,
        0,
        null,
        null,
        1,
        0,
        0,
        null,
        null,
        null
      ],
      "/Users/rebeccakehl/Documents/Dev/Scrumblr/app/controllers/sprints_controller.rb": [
        1,
        null,
        null,
        1,
        2,
        2,
        2,
        null,
        2,
        2,
        2,
        null,
        2,
        null,
        null,
        2,
        null,
        null,
        2,
        2,
        2,
        null,
        null,
        1,
        null,
        null,
        null,
        1,
        null,
        0,
        0,
        0,
        null,
        null,
        1,
        null,
        null,
        null,
        1,
        null,
        null,
        null,
        1,
        null,
        null,
        null,
        1,
        1,
        1,
        1,
        1,
        null,
        1,
        2,
        null,
        null,
        null,
        null,
        1,
        null,
        0,
        0,
        0,
        0,
        0,
        null,
        null,
        0,
        0,
        null,
        null,
        null
      ],
      "/Users/rebeccakehl/Documents/Dev/Scrumblr/app/models/sprint.rb": [
        1,
        1,
        null,
        1,
        1,
        null,
        1,
        1,
        1,
        null,
        1,
        1,
        null,
        null,
        1,
        1,
        null,
        null,
        1,
        11,
        null,
        11,
        4,
        null,
        null,
        11,
        null,
        null,
        1,
        8,
        null,
        8,
        4,
        null,
        null,
        8,
        null,
        null,
        1,
        6,
        null,
        6,
        2,
        null,
        null,
        6,
        null,
        null,
        1,
        6,
        null,
        6,
        2,
        1,
        null,
        null,
        null,
        6,
        null,
        null,
        1,
        6,
        null,
        6,
        2,
        null,
        null,
        6,
        null,
        null,
        1,
        28,
        1,
        null,
        null,
        null,
        null
      ],
      "/Users/rebeccakehl/Documents/Dev/Scrumblr/app/controllers/storys_controller.rb": [
        1,
        1,
        null,
        1,
        null,
        null,
        0,
        0,
        0,
        0,
        null,
        0,
        null,
        null,
        1,
        0,
        0,
        0,
        null,
        null,
        1,
        0,
        0,
        null,
        null,
        1,
        0,
        null,
        null,
        1,
        0,
        0,
        null,
        null,
        null
      ],
      "/Users/rebeccakehl/Documents/Dev/Scrumblr/app/models/story.rb": [
        1,
        1,
        1,
        1,
        1,
        null,
        1,
        null,
        1,
        1,
        null,
        null,
        1,
        5,
        null,
        5,
        6,
        5,
        null,
        null,
        null,
        5,
        null,
        null,
        1,
        6,
        6,
        7,
        null,
        null,
        6,
        null,
        null,
        1,
        5,
        2,
        null,
        null,
        3,
        5,
        1,
        null,
        null,
        null,
        2,
        null,
        null,
        1,
        3,
        null,
        3,
        4,
        3,
        null,
        null,
        null,
        3,
        null,
        null,
        1,
        null
      ],
      "/Users/rebeccakehl/Documents/Dev/Scrumblr/app/controllers/tasks_controller.rb": [
        1,
        1,
        0,
        null,
        0,
        0,
        0,
        null,
        0,
        0,
        null,
        null,
        1,
        0,
        0,
        0,
        null,
        null,
        1,
        0,
        0,
        null,
        null,
        1,
        0,
        0,
        0,
        null,
        null,
        1,
        0,
        0,
        0,
        null,
        null,
        1,
        0,
        0,
        null,
        null,
        1,
        0,
        0,
        0,
        null,
        0,
        null,
        0,
        null,
        0,
        0,
        null,
        null,
        1,
        0,
        0,
        0,
        null,
        0,
        null,
        0,
        null,
        0,
        0,
        null,
        null,
        1,
        0,
        0,
        0,
        0,
        null,
        null
      ],
      "/Users/rebeccakehl/Documents/Dev/Scrumblr/app/models/task.rb": [
        1,
        1,
        null,
        1,
        2,
        null,
        null,
        1,
        null,
        1,
        1,
        1,
        null,
        1,
        13,
        null,
        null
      ],
      "/Users/rebeccakehl/Documents/Dev/Scrumblr/app/controllers/users_controller.rb": [
        1,
        1,
        null,
        null,
        1,
        null,
        null,
        1,
        null,
        null,
        1,
        null,
        null,
        1,
        null,
        null,
        1,
        null,
        null,
        1,
        0,
        0,
        null,
        0,
        0,
        0,
        null,
        0,
        null,
        0,
        null,
        null,
        0,
        null,
        null,
        0,
        null,
        null,
        1,
        0,
        0,
        0,
        null,
        0,
        0,
        null,
        null,
        0,
        0,
        null,
        null,
        null,
        1,
        0,
        0,
        null,
        null
      ],
      "/Users/rebeccakehl/Documents/Dev/Scrumblr/app/models/user.rb": [
        1,
        null,
        1,
        null,
        1,
        1,
        1,
        null,
        1,
        null,
        null,
        null,
        1,
        null,
        null,
        null,
        1,
        0,
        0,
        0,
        0,
        0,
        null,
        null,
        null,
        1,
        4,
        null,
        null,
        1,
        2,
        2,
        null,
        2,
        1,
        null,
        null,
        2,
        null,
        null,
        null
      ],
      "/Users/rebeccakehl/Documents/Dev/Scrumblr/config/routes.rb": [
        1,
        null,
        null,
        null,
        null,
        1,
        1,
        1,
        null,
        null,
        null,
        1,
        1,
        null,
        null,
        1,
        1,
        null,
        null,
        1,
        1,
        null,
        1,
        1,
        1,
        1,
        1,
        1,
        1,
        1,
        1,
        1,
        1,
        1,
        null
      ],
      "/Users/rebeccakehl/Documents/Dev/Scrumblr/spec/controllers/sprints_controller_spec.rb": [
        1,
        1,
        null,
        1,
        1,
        null,
        3,
        3,
        3,
        null,
        null,
        null,
        null,
        1,
        1,
        1,
        1,
        1,
        1,
        null,
        1,
        1,
        1,
        1,
        null,
        null,
        null,
        null,
        null,
        null,
        1,
        1,
        1,
        1,
        1,
        1,
        1,
        1,
        1,
        1,
        1,
        1,
        1,
        1,
        1,
        1,
        null,
        null,
        null
      ],
      "/Users/rebeccakehl/Documents/Dev/Scrumblr/spec/controllers/storys_controller_spec.rb": [
        1,
        1,
        null,
        1,
        null,
        1,
        null,
        null,
        null
      ],
      "/Users/rebeccakehl/Documents/Dev/Scrumblr/spec/controllers/tasks_controller_spec.rb": [
        1,
        1,
        null,
        1,
        1,
        null,
        1,
        null,
        null
      ],
      "/Users/rebeccakehl/Documents/Dev/Scrumblr/spec/models/project_spec.rb": [
        1,
        1,
        null,
        1,
        1,
        null,
        4,
        4,
        4,
        4,
        4,
        4,
        4,
        4,
        4,
        4,
        4,
        4,
        4,
        4,
        4,
        4,
        4,
        4,
        4,
        null,
        1,
        null,
        1,
        1,
        1,
        null,
        null,
        null,
        1,
        null,
        null,
        1,
        null,
        null,
        1,
        null,
        null,
        1,
        null,
        null,
        1,
        1,
        1,
        1,
        null,
        null,
        null,
        1,
        1,
        1,
        null,
        null,
        null,
        1,
        1,
        1,
        null,
        null,
        null
      ],
      "/Users/rebeccakehl/Documents/Dev/Scrumblr/spec/models/sprint_spec.rb": [
        1,
        1,
        null,
        1,
        1,
        8,
        8,
        8,
        8,
        8,
        8,
        8,
        8,
        8,
        8,
        8,
        null,
        null,
        1,
        1,
        1,
        1,
        null,
        null,
        null,
        1,
        1,
        1,
        1,
        null,
        null,
        null,
        1,
        1,
        1,
        1,
        null,
        null,
        null,
        1,
        1,
        1,
        1,
        null,
        null,
        null,
        1,
        1,
        1,
        null,
        null,
        null,
        1,
        1,
        null,
        1,
        null,
        null,
        null,
        1,
        1,
        1,
        null,
        null,
        null,
        1,
        1,
        1,
        null,
        null,
        null
      ],
      "/Users/rebeccakehl/Documents/Dev/Scrumblr/spec/models/story_spec.rb": [
        1,
        1,
        null,
        1,
        1,
        null,
        7,
        7,
        7,
        7,
        7,
        7,
        null,
        1,
        1,
        1,
        1,
        null,
        null,
        null,
        1,
        1,
        1,
        1,
        null,
        null,
        null,
        1,
        1,
        1,
        null,
        null,
        null,
        1,
        1,
        1,
        1,
        1,
        1,
        1,
        null,
        1,
        1,
        null,
        null,
        1,
        1,
        1,
        null,
        null,
        null,
        1,
        1,
        1,
        null,
        null,
        null,
        1,
        1,
        1,
        null,
        null,
        null
      ],
      "/Users/rebeccakehl/Documents/Dev/Scrumblr/spec/models/task_spec.rb": [
        1,
        1,
        null,
        1,
        1,
        1,
        1,
        null,
        1,
        1,
        null,
        null,
        1,
        1,
        1,
        1,
        null,
        1,
        1,
        1,
        null,
        null,
        1,
        1,
        1,
        null,
        1,
        1,
        null,
        null,
        1,
        1,
        1,
        null,
        1,
        1,
        null,
        null,
        null,
        1,
        1,
        1,
        4,
        null,
        4,
        1,
        null,
        3,
        null,
        null,
        null,
        null,
        null,
        null
      ],
      "/Users/rebeccakehl/Documents/Dev/Scrumblr/spec/models/user_spec.rb": [
        1,
        1,
        null,
        1,
        1,
        2,
        2,
        2,
        2,
        2,
        2,
        2,
        2,
        2,
        2,
        2,
        null,
        null,
        1,
        1,
        1,
        1,
        null,
        null,
        null,
        1,
        1,
        1,
        1,
        null,
        null,
        null
      ]
    },
    "timestamp": 1418369944
  }
}
